Summary of SPARK analysis
=========================

------------------------------------------------------------------------------------------------------
SPARK Analysis results        Total      Flow   Interval   CodePeer     Provers   Justified   Unproved
------------------------------------------------------------------------------------------------------
Data Dependencies                 .         .          .          .           .           .          .
Flow Dependencies                 .         .          .          .           .           .          .
Initialization                    1         1          .          .           .           .          .
Non-Aliasing                      .         .          .          .           .           .          .
Run-time Checks                   8         .          .          .    7 (CVC4)           .          1
Assertions                        .         .          .          .           .           .          .
Functional Contracts              2         .          .          .    2 (CVC4)           .          .
LSP Verification                  .         .          .          .           .           .          .
------------------------------------------------------------------------------------------------------
Total                            11    1 (9%)          .          .     9 (82%)           .     1 (9%)


Analyzed 3 units
in unit calculator, 3 subprograms and packages out of 3 analyzed
  Calculator at calculator.ads:1 flow analyzed (0 errors, 0 checks and 0 warnings) and proved (0 checks)
  Calculator.Add at calculator.ads:3 flow analyzed (0 errors, 0 checks and 0 warnings) and proved (6 checks)
  Calculator.Subtract at calculator.ads:54 flow analyzed (0 errors, 0 checks and 0 warnings) and not proved, 3 checks out of 4 proved
in unit test_assertions, 0 subprograms and packages out of 4 analyzed
  Test_Assertions.Assert_False at test_assertions.ads:9 skipped
  Test_Assertions.Assert_False at test_assertions.ads:15 skipped
  Test_Assertions.Assert_True at test_assertions.ads:6 skipped
  Test_Assertions.Assert_True at test_assertions.ads:12 skipped
in unit test_calculator, 0 subprograms and packages out of 1 analyzed
  Test_Calculator at test_calculator.adb:8 skipped
